2025-03-01 17:16:44 [restartedMain] INFO  c.e.b.BookStorageServiceApplication - Starting BookStorageServiceApplication using Java 21 with PID 4560 (C:\Users\karav\Desktop\ApiTest\bookStorageService\target\classes started by karav in C:\Users\karav\Desktop\ApiTest\bookStorageService)
2025-03-01 17:16:44 [restartedMain] INFO  c.e.b.BookStorageServiceApplication - No active profile set, falling back to 1 default profile: "default"
2025-03-01 17:16:44 [restartedMain] INFO  o.s.b.d.e.DevToolsPropertyDefaultsPostProcessor - Devtools property defaults active! Set 'spring.devtools.add-properties' to 'false' to disable
2025-03-01 17:16:44 [restartedMain] INFO  o.s.b.d.e.DevToolsPropertyDefaultsPostProcessor - For additional web related logging consider setting the 'logging.level.web' property to 'DEBUG'
2025-03-01 17:16:45 [restartedMain] INFO  o.s.d.r.c.RepositoryConfigurationDelegate - Bootstrapping Spring Data JPA repositories in DEFAULT mode.
2025-03-01 17:16:45 [restartedMain] INFO  o.s.d.r.c.RepositoryConfigurationDelegate - Finished Spring Data repository scanning in 114 ms. Found 1 JPA repository interface.
2025-03-01 17:16:45 [restartedMain] INFO  o.s.cloud.context.scope.GenericScope - BeanFactory id=af93cd06-895e-3b5a-95e5-32faaa3610b7
2025-03-01 17:16:46 [restartedMain] INFO  o.s.b.w.e.tomcat.TomcatWebServer - Tomcat initialized with port 8082 (http)
2025-03-01 17:16:46 [restartedMain] INFO  o.a.catalina.core.StandardService - Starting service [Tomcat]
2025-03-01 17:16:46 [restartedMain] INFO  o.a.catalina.core.StandardEngine - Starting Servlet engine: [Apache Tomcat/10.1.34]
2025-03-01 17:16:46 [restartedMain] INFO  o.a.c.c.C.[Tomcat].[localhost].[/] - Initializing Spring embedded WebApplicationContext
2025-03-01 17:16:46 [restartedMain] INFO  o.s.b.w.s.c.ServletWebServerApplicationContext - Root WebApplicationContext: initialization completed in 2092 ms
2025-03-01 17:16:46 [restartedMain] INFO  o.h.jpa.internal.util.LogHelper - HHH000204: Processing PersistenceUnitInfo [name: default]
2025-03-01 17:16:46 [restartedMain] INFO  org.hibernate.Version - HHH000412: Hibernate ORM core version 6.6.5.Final
2025-03-01 17:16:46 [restartedMain] INFO  o.h.c.i.RegionFactoryInitiator - HHH000026: Second-level cache disabled
2025-03-01 17:16:47 [restartedMain] INFO  o.s.o.j.p.SpringPersistenceUnitInfo - No LoadTimeWeaver setup: ignoring JPA class transformer
2025-03-01 17:16:47 [restartedMain] INFO  com.zaxxer.hikari.HikariDataSource - HikariPool-1 - Starting...
2025-03-01 17:16:47 [restartedMain] INFO  com.zaxxer.hikari.pool.HikariPool - HikariPool-1 - Added connection com.mysql.cj.jdbc.ConnectionImpl@4139c32c
2025-03-01 17:16:47 [restartedMain] INFO  com.zaxxer.hikari.HikariDataSource - HikariPool-1 - Start completed.
2025-03-01 17:16:47 [restartedMain] INFO  o.hibernate.orm.connections.pooling - HHH10001005: Database info:
	Database JDBC URL [Connecting through datasource 'HikariDataSource (HikariPool-1)']
	Database driver: undefined/unknown
	Database version: 8.0.41
	Autocommit mode: undefined/unknown
	Isolation level: undefined/unknown
	Minimum pool size: undefined/unknown
	Maximum pool size: undefined/unknown
2025-03-01 17:16:48 [restartedMain] INFO  o.h.e.t.j.p.i.JtaPlatformInitiator - HHH000489: No JTA platform available (set 'hibernate.transaction.jta.platform' to enable JTA platform integration)
2025-03-01 17:16:51 [restartedMain] INFO  o.s.o.j.LocalContainerEntityManagerFactoryBean - Initialized JPA EntityManagerFactory for persistence unit 'default'
2025-03-01 17:16:51 [restartedMain] WARN  o.s.b.a.o.j.JpaBaseConfiguration$JpaWebConfiguration - spring.jpa.open-in-view is enabled by default. Therefore, database queries may be performed during view rendering. Explicitly configure spring.jpa.open-in-view to disable this warning
2025-03-01 17:16:52 [restartedMain] INFO  o.s.b.d.a.OptionalLiveReloadServer - LiveReload server is running on port 35729
2025-03-01 17:16:52 [restartedMain] INFO  o.s.c.n.e.c.DiscoveryClientOptionalArgsConfiguration - Eureka HTTP Client uses RestTemplate.
2025-03-01 17:16:52 [restartedMain] WARN  o.s.c.l.c.LoadBalancerCacheAutoConfiguration$LoadBalancerCaffeineWarnLogger - Spring Cloud LoadBalancer is currently working with the default cache. While this cache implementation is useful for development and tests, it's recommended to use Caffeine cache in production.You can switch to using Caffeine cache, by adding it and org.springframework.cache.caffeine.CaffeineCacheManager to the classpath.
2025-03-01 17:16:52 [restartedMain] INFO  o.s.c.n.eureka.InstanceInfoFactory - Setting initial instance status as: STARTING
2025-03-01 17:16:52 [restartedMain] INFO  c.netflix.discovery.DiscoveryClient - Initializing Eureka in region us-east-1
2025-03-01 17:16:52 [restartedMain] INFO  c.n.d.s.r.aws.ConfigClusterResolver - Resolving eureka endpoints via configuration
2025-03-01 17:16:52 [restartedMain] INFO  c.netflix.discovery.DiscoveryClient - Disable delta property : false
2025-03-01 17:16:52 [restartedMain] INFO  c.netflix.discovery.DiscoveryClient - Single vip registry refresh property : null
2025-03-01 17:16:52 [restartedMain] INFO  c.netflix.discovery.DiscoveryClient - Force full registry fetch : false
2025-03-01 17:16:52 [restartedMain] INFO  c.netflix.discovery.DiscoveryClient - Application is null : false
2025-03-01 17:16:52 [restartedMain] INFO  c.netflix.discovery.DiscoveryClient - Registered Applications size is zero : true
2025-03-01 17:16:52 [restartedMain] INFO  c.netflix.discovery.DiscoveryClient - Application version is -1: true
2025-03-01 17:16:52 [restartedMain] INFO  c.netflix.discovery.DiscoveryClient - Getting all instance registry info from the eureka server
2025-03-01 17:16:53 [restartedMain] INFO  c.netflix.discovery.DiscoveryClient - The response status is 200
2025-03-01 17:16:53 [restartedMain] INFO  c.netflix.discovery.DiscoveryClient - Starting heartbeat executor: renew interval is: 30
2025-03-01 17:16:53 [restartedMain] INFO  c.n.discovery.InstanceInfoReplicator - InstanceInfoReplicator onDemand update allowed rate per min is 4
2025-03-01 17:16:53 [restartedMain] INFO  c.netflix.discovery.DiscoveryClient - Discovery Client initialized at timestamp 1740838613117 with initial instances count: 1
2025-03-01 17:16:53 [restartedMain] INFO  o.s.c.n.e.s.EurekaServiceRegistry - Registering application BOOKSTORAGESERVICE with eureka with status UP
2025-03-01 17:16:53 [restartedMain] INFO  c.netflix.discovery.DiscoveryClient - Saw local status change event StatusChangeEvent [timestamp=1740838613121, current=UP, previous=STARTING]
2025-03-01 17:16:53 [DiscoveryClient-InstanceInfoReplicator-%d] INFO  c.netflix.discovery.DiscoveryClient - DiscoveryClient_BOOKSTORAGESERVICE/host.docker.internal:BookStorageService:8082: registering service...
2025-03-01 17:16:53 [DiscoveryClient-InstanceInfoReplicator-%d] INFO  c.netflix.discovery.DiscoveryClient - DiscoveryClient_BOOKSTORAGESERVICE/host.docker.internal:BookStorageService:8082 - registration status: 204
2025-03-01 17:16:53 [restartedMain] INFO  o.s.b.w.e.tomcat.TomcatWebServer - Tomcat started on port 8082 (http) with context path '/'
2025-03-01 17:16:53 [restartedMain] INFO  o.s.c.n.e.s.EurekaAutoServiceRegistration - Updating port to 8082
2025-03-01 17:16:53 [restartedMain] INFO  c.e.b.BookStorageServiceApplication - Started BookStorageServiceApplication in 9.439 seconds (process running for 10.342)
2025-03-01 17:17:19 [SpringApplicationShutdownHook] INFO  o.s.c.n.e.s.EurekaServiceRegistry - Unregistering application BOOKSTORAGESERVICE with eureka with status DOWN
2025-03-01 17:17:19 [SpringApplicationShutdownHook] INFO  c.netflix.discovery.DiscoveryClient - Saw local status change event StatusChangeEvent [timestamp=1740838639330, current=DOWN, previous=UP]
2025-03-01 17:17:19 [DiscoveryClient-InstanceInfoReplicator-%d] INFO  c.netflix.discovery.DiscoveryClient - DiscoveryClient_BOOKSTORAGESERVICE/host.docker.internal:BookStorageService:8082: registering service...
2025-03-01 17:17:19 [SpringApplicationShutdownHook] INFO  o.s.b.w.e.tomcat.GracefulShutdown - Commencing graceful shutdown. Waiting for active requests to complete
2025-03-01 17:17:19 [tomcat-shutdown] INFO  o.s.b.w.e.tomcat.GracefulShutdown - Graceful shutdown complete
2025-03-01 17:17:19 [DiscoveryClient-InstanceInfoReplicator-%d] INFO  c.netflix.discovery.DiscoveryClient - DiscoveryClient_BOOKSTORAGESERVICE/host.docker.internal:BookStorageService:8082 - registration status: 204
2025-03-01 17:17:19 [SpringApplicationShutdownHook] INFO  o.s.o.j.LocalContainerEntityManagerFactoryBean - Closing JPA EntityManagerFactory for persistence unit 'default'
2025-03-01 17:17:19 [SpringApplicationShutdownHook] INFO  com.zaxxer.hikari.HikariDataSource - HikariPool-1 - Shutdown initiated...
2025-03-01 17:17:19 [SpringApplicationShutdownHook] INFO  com.zaxxer.hikari.HikariDataSource - HikariPool-1 - Shutdown completed.
2025-03-01 17:17:19 [SpringApplicationShutdownHook] INFO  c.netflix.discovery.DiscoveryClient - Shutting down DiscoveryClient ...
2025-03-01 17:17:22 [SpringApplicationShutdownHook] INFO  c.netflix.discovery.DiscoveryClient - Unregistering ...
2025-03-01 17:17:22 [SpringApplicationShutdownHook] INFO  c.netflix.discovery.DiscoveryClient - DiscoveryClient_BOOKSTORAGESERVICE/host.docker.internal:BookStorageService:8082 - deregister  status: 200
2025-03-01 17:17:22 [SpringApplicationShutdownHook] INFO  c.netflix.discovery.DiscoveryClient - Completed shut down of DiscoveryClient
2025-03-01 17:17:26 [restartedMain] INFO  c.e.b.BookStorageServiceApplication - Starting BookStorageServiceApplication using Java 21 with PID 16932 (C:\Users\karav\Desktop\ApiTest\bookStorageService\target\classes started by karav in C:\Users\karav\Desktop\ApiTest\bookStorageService)
2025-03-01 17:17:26 [restartedMain] INFO  c.e.b.BookStorageServiceApplication - No active profile set, falling back to 1 default profile: "default"
2025-03-01 17:17:26 [restartedMain] INFO  o.s.b.d.e.DevToolsPropertyDefaultsPostProcessor - Devtools property defaults active! Set 'spring.devtools.add-properties' to 'false' to disable
2025-03-01 17:17:26 [restartedMain] INFO  o.s.b.d.e.DevToolsPropertyDefaultsPostProcessor - For additional web related logging consider setting the 'logging.level.web' property to 'DEBUG'
2025-03-01 17:17:27 [restartedMain] INFO  o.s.d.r.c.RepositoryConfigurationDelegate - Bootstrapping Spring Data JPA repositories in DEFAULT mode.
2025-03-01 17:17:27 [restartedMain] INFO  o.s.d.r.c.RepositoryConfigurationDelegate - Finished Spring Data repository scanning in 109 ms. Found 1 JPA repository interface.
2025-03-01 17:17:28 [restartedMain] INFO  o.s.cloud.context.scope.GenericScope - BeanFactory id=af93cd06-895e-3b5a-95e5-32faaa3610b7
2025-03-01 17:17:28 [restartedMain] INFO  o.s.b.w.e.tomcat.TomcatWebServer - Tomcat initialized with port 8082 (http)
2025-03-01 17:17:28 [restartedMain] INFO  o.a.catalina.core.StandardService - Starting service [Tomcat]
2025-03-01 17:17:28 [restartedMain] INFO  o.a.catalina.core.StandardEngine - Starting Servlet engine: [Apache Tomcat/10.1.34]
2025-03-01 17:17:28 [restartedMain] INFO  o.a.c.c.C.[Tomcat].[localhost].[/] - Initializing Spring embedded WebApplicationContext
2025-03-01 17:17:28 [restartedMain] INFO  o.s.b.w.s.c.ServletWebServerApplicationContext - Root WebApplicationContext: initialization completed in 2079 ms
2025-03-01 17:17:28 [restartedMain] INFO  o.h.jpa.internal.util.LogHelper - HHH000204: Processing PersistenceUnitInfo [name: default]
2025-03-01 17:17:28 [restartedMain] INFO  org.hibernate.Version - HHH000412: Hibernate ORM core version 6.6.5.Final
2025-03-01 17:17:28 [restartedMain] INFO  o.h.c.i.RegionFactoryInitiator - HHH000026: Second-level cache disabled
2025-03-01 17:17:29 [restartedMain] INFO  o.s.o.j.p.SpringPersistenceUnitInfo - No LoadTimeWeaver setup: ignoring JPA class transformer
2025-03-01 17:17:29 [restartedMain] INFO  com.zaxxer.hikari.HikariDataSource - HikariPool-1 - Starting...
2025-03-01 17:17:29 [restartedMain] INFO  com.zaxxer.hikari.pool.HikariPool - HikariPool-1 - Added connection com.mysql.cj.jdbc.ConnectionImpl@76493ad6
2025-03-01 17:17:29 [restartedMain] INFO  com.zaxxer.hikari.HikariDataSource - HikariPool-1 - Start completed.
2025-03-01 17:17:29 [restartedMain] INFO  o.hibernate.orm.connections.pooling - HHH10001005: Database info:
	Database JDBC URL [Connecting through datasource 'HikariDataSource (HikariPool-1)']
	Database driver: undefined/unknown
	Database version: 8.0.41
	Autocommit mode: undefined/unknown
	Isolation level: undefined/unknown
	Minimum pool size: undefined/unknown
	Maximum pool size: undefined/unknown
2025-03-01 17:17:30 [restartedMain] INFO  o.h.e.t.j.p.i.JtaPlatformInitiator - HHH000489: No JTA platform available (set 'hibernate.transaction.jta.platform' to enable JTA platform integration)
2025-03-01 17:17:31 [restartedMain] INFO  o.s.o.j.LocalContainerEntityManagerFactoryBean - Initialized JPA EntityManagerFactory for persistence unit 'default'
2025-03-01 17:17:32 [restartedMain] WARN  o.s.b.a.o.j.JpaBaseConfiguration$JpaWebConfiguration - spring.jpa.open-in-view is enabled by default. Therefore, database queries may be performed during view rendering. Explicitly configure spring.jpa.open-in-view to disable this warning
2025-03-01 17:17:32 [restartedMain] INFO  o.s.b.d.a.OptionalLiveReloadServer - LiveReload server is running on port 35729
2025-03-01 17:17:32 [restartedMain] INFO  o.s.c.n.e.c.DiscoveryClientOptionalArgsConfiguration - Eureka HTTP Client uses RestTemplate.
2025-03-01 17:17:32 [restartedMain] WARN  o.s.c.l.c.LoadBalancerCacheAutoConfiguration$LoadBalancerCaffeineWarnLogger - Spring Cloud LoadBalancer is currently working with the default cache. While this cache implementation is useful for development and tests, it's recommended to use Caffeine cache in production.You can switch to using Caffeine cache, by adding it and org.springframework.cache.caffeine.CaffeineCacheManager to the classpath.
2025-03-01 17:17:32 [restartedMain] INFO  o.s.c.n.eureka.InstanceInfoFactory - Setting initial instance status as: STARTING
2025-03-01 17:17:32 [restartedMain] INFO  c.netflix.discovery.DiscoveryClient - Initializing Eureka in region us-east-1
2025-03-01 17:17:32 [restartedMain] INFO  c.n.d.s.r.aws.ConfigClusterResolver - Resolving eureka endpoints via configuration
2025-03-01 17:17:32 [restartedMain] INFO  c.netflix.discovery.DiscoveryClient - Disable delta property : false
2025-03-01 17:17:32 [restartedMain] INFO  c.netflix.discovery.DiscoveryClient - Single vip registry refresh property : null
2025-03-01 17:17:32 [restartedMain] INFO  c.netflix.discovery.DiscoveryClient - Force full registry fetch : false
2025-03-01 17:17:32 [restartedMain] INFO  c.netflix.discovery.DiscoveryClient - Application is null : false
2025-03-01 17:17:32 [restartedMain] INFO  c.netflix.discovery.DiscoveryClient - Registered Applications size is zero : true
2025-03-01 17:17:32 [restartedMain] INFO  c.netflix.discovery.DiscoveryClient - Application version is -1: true
2025-03-01 17:17:32 [restartedMain] INFO  c.netflix.discovery.DiscoveryClient - Getting all instance registry info from the eureka server
2025-03-01 17:17:33 [restartedMain] INFO  c.netflix.discovery.DiscoveryClient - The response status is 200
2025-03-01 17:17:33 [restartedMain] INFO  c.netflix.discovery.DiscoveryClient - Starting heartbeat executor: renew interval is: 30
2025-03-01 17:17:33 [restartedMain] INFO  c.n.discovery.InstanceInfoReplicator - InstanceInfoReplicator onDemand update allowed rate per min is 4
2025-03-01 17:17:33 [restartedMain] INFO  c.netflix.discovery.DiscoveryClient - Discovery Client initialized at timestamp 1740838653290 with initial instances count: 1
2025-03-01 17:17:33 [restartedMain] INFO  o.s.c.n.e.s.EurekaServiceRegistry - Registering application BOOKSTORAGESERVICE with eureka with status UP
2025-03-01 17:17:33 [restartedMain] INFO  c.netflix.discovery.DiscoveryClient - Saw local status change event StatusChangeEvent [timestamp=1740838653296, current=UP, previous=STARTING]
2025-03-01 17:17:33 [DiscoveryClient-InstanceInfoReplicator-%d] INFO  c.netflix.discovery.DiscoveryClient - DiscoveryClient_BOOKSTORAGESERVICE/host.docker.internal:BookStorageService:8082: registering service...
2025-03-01 17:17:33 [DiscoveryClient-InstanceInfoReplicator-%d] INFO  c.netflix.discovery.DiscoveryClient - DiscoveryClient_BOOKSTORAGESERVICE/host.docker.internal:BookStorageService:8082 - registration status: 204
2025-03-01 17:17:33 [restartedMain] INFO  o.s.b.w.e.tomcat.TomcatWebServer - Tomcat started on port 8082 (http) with context path '/'
2025-03-01 17:17:33 [restartedMain] INFO  o.s.c.n.e.s.EurekaAutoServiceRegistration - Updating port to 8082
2025-03-01 17:17:33 [restartedMain] INFO  c.e.b.BookStorageServiceApplication - Started BookStorageServiceApplication in 7.42 seconds (process running for 8.175)
2025-03-01 17:17:49 [SpringApplicationShutdownHook] INFO  o.s.c.n.e.s.EurekaServiceRegistry - Unregistering application BOOKSTORAGESERVICE with eureka with status DOWN
2025-03-01 17:17:49 [SpringApplicationShutdownHook] INFO  c.netflix.discovery.DiscoveryClient - Saw local status change event StatusChangeEvent [timestamp=1740838669847, current=DOWN, previous=UP]
2025-03-01 17:17:49 [DiscoveryClient-InstanceInfoReplicator-%d] INFO  c.netflix.discovery.DiscoveryClient - DiscoveryClient_BOOKSTORAGESERVICE/host.docker.internal:BookStorageService:8082: registering service...
2025-03-01 17:17:49 [SpringApplicationShutdownHook] INFO  o.s.b.w.e.tomcat.GracefulShutdown - Commencing graceful shutdown. Waiting for active requests to complete
2025-03-01 17:17:49 [tomcat-shutdown] INFO  o.s.b.w.e.tomcat.GracefulShutdown - Graceful shutdown complete
2025-03-01 17:17:49 [DiscoveryClient-InstanceInfoReplicator-%d] INFO  c.netflix.discovery.DiscoveryClient - DiscoveryClient_BOOKSTORAGESERVICE/host.docker.internal:BookStorageService:8082 - registration status: 204
2025-03-01 17:17:49 [SpringApplicationShutdownHook] INFO  o.s.o.j.LocalContainerEntityManagerFactoryBean - Closing JPA EntityManagerFactory for persistence unit 'default'
2025-03-01 17:17:49 [SpringApplicationShutdownHook] INFO  com.zaxxer.hikari.HikariDataSource - HikariPool-1 - Shutdown initiated...
2025-03-01 17:17:49 [SpringApplicationShutdownHook] INFO  com.zaxxer.hikari.HikariDataSource - HikariPool-1 - Shutdown completed.
2025-03-01 17:17:49 [SpringApplicationShutdownHook] INFO  c.netflix.discovery.DiscoveryClient - Shutting down DiscoveryClient ...
2025-03-01 17:17:52 [SpringApplicationShutdownHook] INFO  c.netflix.discovery.DiscoveryClient - Unregistering ...
2025-03-01 17:17:52 [SpringApplicationShutdownHook] INFO  c.netflix.discovery.DiscoveryClient - DiscoveryClient_BOOKSTORAGESERVICE/host.docker.internal:BookStorageService:8082 - deregister  status: 200
2025-03-01 17:17:52 [SpringApplicationShutdownHook] INFO  c.netflix.discovery.DiscoveryClient - Completed shut down of DiscoveryClient
2025-03-01 17:17:56 [restartedMain] INFO  c.e.b.BookStorageServiceApplication - Starting BookStorageServiceApplication using Java 21 with PID 17536 (C:\Users\karav\Desktop\ApiTest\bookStorageService\target\classes started by karav in C:\Users\karav\Desktop\ApiTest\bookStorageService)
2025-03-01 17:17:56 [restartedMain] INFO  c.e.b.BookStorageServiceApplication - No active profile set, falling back to 1 default profile: "default"
2025-03-01 17:17:56 [restartedMain] INFO  o.s.b.d.e.DevToolsPropertyDefaultsPostProcessor - Devtools property defaults active! Set 'spring.devtools.add-properties' to 'false' to disable
2025-03-01 17:17:56 [restartedMain] INFO  o.s.b.d.e.DevToolsPropertyDefaultsPostProcessor - For additional web related logging consider setting the 'logging.level.web' property to 'DEBUG'
2025-03-01 17:17:57 [restartedMain] INFO  o.s.d.r.c.RepositoryConfigurationDelegate - Bootstrapping Spring Data JPA repositories in DEFAULT mode.
2025-03-01 17:17:57 [restartedMain] INFO  o.s.d.r.c.RepositoryConfigurationDelegate - Finished Spring Data repository scanning in 110 ms. Found 1 JPA repository interface.
2025-03-01 17:17:58 [restartedMain] INFO  o.s.cloud.context.scope.GenericScope - BeanFactory id=af93cd06-895e-3b5a-95e5-32faaa3610b7
2025-03-01 17:17:58 [restartedMain] INFO  o.s.b.w.e.tomcat.TomcatWebServer - Tomcat initialized with port 8082 (http)
2025-03-01 17:17:58 [restartedMain] INFO  o.a.catalina.core.StandardService - Starting service [Tomcat]
2025-03-01 17:17:58 [restartedMain] INFO  o.a.catalina.core.StandardEngine - Starting Servlet engine: [Apache Tomcat/10.1.34]
2025-03-01 17:17:58 [restartedMain] INFO  o.a.c.c.C.[Tomcat].[localhost].[/] - Initializing Spring embedded WebApplicationContext
2025-03-01 17:17:58 [restartedMain] INFO  o.s.b.w.s.c.ServletWebServerApplicationContext - Root WebApplicationContext: initialization completed in 2424 ms
2025-03-01 17:17:59 [restartedMain] INFO  o.h.jpa.internal.util.LogHelper - HHH000204: Processing PersistenceUnitInfo [name: default]
2025-03-01 17:17:59 [restartedMain] INFO  org.hibernate.Version - HHH000412: Hibernate ORM core version 6.6.5.Final
2025-03-01 17:17:59 [restartedMain] INFO  o.h.c.i.RegionFactoryInitiator - HHH000026: Second-level cache disabled
2025-03-01 17:17:59 [restartedMain] INFO  o.s.o.j.p.SpringPersistenceUnitInfo - No LoadTimeWeaver setup: ignoring JPA class transformer
2025-03-01 17:17:59 [restartedMain] INFO  com.zaxxer.hikari.HikariDataSource - HikariPool-1 - Starting...
2025-03-01 17:17:59 [restartedMain] INFO  com.zaxxer.hikari.pool.HikariPool - HikariPool-1 - Added connection com.mysql.cj.jdbc.ConnectionImpl@4357bf24
2025-03-01 17:17:59 [restartedMain] INFO  com.zaxxer.hikari.HikariDataSource - HikariPool-1 - Start completed.
2025-03-01 17:17:59 [restartedMain] INFO  o.hibernate.orm.connections.pooling - HHH10001005: Database info:
	Database JDBC URL [Connecting through datasource 'HikariDataSource (HikariPool-1)']
	Database driver: undefined/unknown
	Database version: 8.0.41
	Autocommit mode: undefined/unknown
	Isolation level: undefined/unknown
	Minimum pool size: undefined/unknown
	Maximum pool size: undefined/unknown
2025-03-01 17:18:00 [restartedMain] INFO  o.h.e.t.j.p.i.JtaPlatformInitiator - HHH000489: No JTA platform available (set 'hibernate.transaction.jta.platform' to enable JTA platform integration)
2025-03-01 17:18:00 [restartedMain] INFO  o.s.o.j.LocalContainerEntityManagerFactoryBean - Initialized JPA EntityManagerFactory for persistence unit 'default'
2025-03-01 17:18:01 [restartedMain] WARN  o.s.b.a.o.j.JpaBaseConfiguration$JpaWebConfiguration - spring.jpa.open-in-view is enabled by default. Therefore, database queries may be performed during view rendering. Explicitly configure spring.jpa.open-in-view to disable this warning
2025-03-01 17:18:01 [restartedMain] INFO  o.s.b.d.a.OptionalLiveReloadServer - LiveReload server is running on port 35729
2025-03-01 17:18:02 [restartedMain] INFO  o.s.c.n.e.c.DiscoveryClientOptionalArgsConfiguration - Eureka HTTP Client uses RestTemplate.
2025-03-01 17:18:02 [restartedMain] WARN  o.s.c.l.c.LoadBalancerCacheAutoConfiguration$LoadBalancerCaffeineWarnLogger - Spring Cloud LoadBalancer is currently working with the default cache. While this cache implementation is useful for development and tests, it's recommended to use Caffeine cache in production.You can switch to using Caffeine cache, by adding it and org.springframework.cache.caffeine.CaffeineCacheManager to the classpath.
2025-03-01 17:18:02 [restartedMain] INFO  o.s.c.n.eureka.InstanceInfoFactory - Setting initial instance status as: STARTING
2025-03-01 17:18:02 [restartedMain] INFO  c.netflix.discovery.DiscoveryClient - Initializing Eureka in region us-east-1
2025-03-01 17:18:02 [restartedMain] INFO  c.n.d.s.r.aws.ConfigClusterResolver - Resolving eureka endpoints via configuration
2025-03-01 17:18:02 [restartedMain] INFO  c.netflix.discovery.DiscoveryClient - Disable delta property : false
2025-03-01 17:18:02 [restartedMain] INFO  c.netflix.discovery.DiscoveryClient - Single vip registry refresh property : null
2025-03-01 17:18:02 [restartedMain] INFO  c.netflix.discovery.DiscoveryClient - Force full registry fetch : false
2025-03-01 17:18:02 [restartedMain] INFO  c.netflix.discovery.DiscoveryClient - Application is null : false
2025-03-01 17:18:02 [restartedMain] INFO  c.netflix.discovery.DiscoveryClient - Registered Applications size is zero : true
2025-03-01 17:18:02 [restartedMain] INFO  c.netflix.discovery.DiscoveryClient - Application version is -1: true
2025-03-01 17:18:02 [restartedMain] INFO  c.netflix.discovery.DiscoveryClient - Getting all instance registry info from the eureka server
2025-03-01 17:18:02 [restartedMain] INFO  c.netflix.discovery.DiscoveryClient - The response status is 200
2025-03-01 17:18:02 [restartedMain] INFO  c.netflix.discovery.DiscoveryClient - Starting heartbeat executor: renew interval is: 30
2025-03-01 17:18:02 [restartedMain] INFO  c.n.discovery.InstanceInfoReplicator - InstanceInfoReplicator onDemand update allowed rate per min is 4
2025-03-01 17:18:02 [restartedMain] INFO  c.netflix.discovery.DiscoveryClient - Discovery Client initialized at timestamp 1740838682487 with initial instances count: 1
2025-03-01 17:18:02 [restartedMain] INFO  o.s.c.n.e.s.EurekaServiceRegistry - Registering application BOOKSTORAGESERVICE with eureka with status UP
2025-03-01 17:18:02 [restartedMain] INFO  c.netflix.discovery.DiscoveryClient - Saw local status change event StatusChangeEvent [timestamp=1740838682491, current=UP, previous=STARTING]
2025-03-01 17:18:02 [DiscoveryClient-InstanceInfoReplicator-%d] INFO  c.netflix.discovery.DiscoveryClient - DiscoveryClient_BOOKSTORAGESERVICE/host.docker.internal:BookStorageService:8082: registering service...
2025-03-01 17:18:02 [DiscoveryClient-InstanceInfoReplicator-%d] INFO  c.netflix.discovery.DiscoveryClient - DiscoveryClient_BOOKSTORAGESERVICE/host.docker.internal:BookStorageService:8082 - registration status: 204
2025-03-01 17:18:02 [restartedMain] INFO  o.s.b.w.e.tomcat.TomcatWebServer - Tomcat started on port 8082 (http) with context path '/'
2025-03-01 17:18:02 [restartedMain] INFO  o.s.c.n.e.s.EurekaAutoServiceRegistration - Updating port to 8082
2025-03-01 17:18:02 [restartedMain] INFO  c.e.b.BookStorageServiceApplication - Started BookStorageServiceApplication in 6.668 seconds (process running for 7.368)
2025-03-01 17:23:02 [AsyncResolver-bootstrap-executor-%d] INFO  c.n.d.s.r.aws.ConfigClusterResolver - Resolving eureka endpoints via configuration
2025-03-01 17:28:02 [AsyncResolver-bootstrap-executor-%d] INFO  c.n.d.s.r.aws.ConfigClusterResolver - Resolving eureka endpoints via configuration
2025-03-01 17:33:02 [AsyncResolver-bootstrap-executor-%d] INFO  c.n.d.s.r.aws.ConfigClusterResolver - Resolving eureka endpoints via configuration
2025-03-01 17:38:02 [AsyncResolver-bootstrap-executor-%d] INFO  c.n.d.s.r.aws.ConfigClusterResolver - Resolving eureka endpoints via configuration
2025-03-01 17:40:28 [File Watcher] INFO  o.s.b.d.a.LocalDevToolsAutoConfiguration$RestartingClassPathChangeChangedEventListener - Restarting due to 19 class path changes (0 additions, 19 deletions, 0 modifications)
2025-03-01 17:40:28 [Thread-6] INFO  o.s.c.n.e.s.EurekaServiceRegistry - Unregistering application BOOKSTORAGESERVICE with eureka with status DOWN
2025-03-01 17:40:28 [Thread-6] INFO  c.netflix.discovery.DiscoveryClient - Saw local status change event StatusChangeEvent [timestamp=1740840028977, current=DOWN, previous=UP]
2025-03-01 17:40:28 [DiscoveryClient-InstanceInfoReplicator-%d] INFO  c.netflix.discovery.DiscoveryClient - DiscoveryClient_BOOKSTORAGESERVICE/host.docker.internal:BookStorageService:8082: registering service...
2025-03-01 17:40:28 [Thread-6] INFO  o.s.b.w.e.tomcat.GracefulShutdown - Commencing graceful shutdown. Waiting for active requests to complete
2025-03-01 17:40:28 [tomcat-shutdown] INFO  o.s.b.w.e.tomcat.GracefulShutdown - Graceful shutdown complete
2025-03-01 17:40:28 [DiscoveryClient-InstanceInfoReplicator-%d] INFO  c.netflix.discovery.DiscoveryClient - DiscoveryClient_BOOKSTORAGESERVICE/host.docker.internal:BookStorageService:8082 - registration status: 204
2025-03-01 17:40:29 [Thread-6] INFO  o.s.o.j.LocalContainerEntityManagerFactoryBean - Closing JPA EntityManagerFactory for persistence unit 'default'
2025-03-01 17:40:29 [Thread-6] INFO  com.zaxxer.hikari.HikariDataSource - HikariPool-1 - Shutdown initiated...
2025-03-01 17:40:29 [Thread-6] INFO  com.zaxxer.hikari.HikariDataSource - HikariPool-1 - Shutdown completed.
2025-03-01 17:40:29 [Thread-6] INFO  c.netflix.discovery.DiscoveryClient - Shutting down DiscoveryClient ...
2025-03-01 17:40:32 [Thread-6] INFO  c.netflix.discovery.DiscoveryClient - Unregistering ...
2025-03-01 17:40:32 [Thread-6] INFO  c.netflix.discovery.DiscoveryClient - DiscoveryClient_BOOKSTORAGESERVICE/host.docker.internal:BookStorageService:8082 - deregister  status: 200
2025-03-01 17:40:32 [Thread-6] INFO  c.netflix.discovery.DiscoveryClient - Completed shut down of DiscoveryClient
